[2026-02-20 15:30:41,124] {taskinstance.py:1179} INFO - Dependencies all met for <TaskInstance: platzi_explora_espacio.notificar_equipos scheduled__2026-02-19T00:00:00+00:00 [queued]>
[2026-02-20 15:30:41,133] {taskinstance.py:1179} INFO - Dependencies all met for <TaskInstance: platzi_explora_espacio.notificar_equipos scheduled__2026-02-19T00:00:00+00:00 [queued]>
[2026-02-20 15:30:41,133] {taskinstance.py:1376} INFO - 
--------------------------------------------------------------------------------
[2026-02-20 15:30:41,133] {taskinstance.py:1377} INFO - Starting attempt 1 of 1
[2026-02-20 15:30:41,133] {taskinstance.py:1378} INFO - 
--------------------------------------------------------------------------------
[2026-02-20 15:30:41,144] {taskinstance.py:1397} INFO - Executing <Task(PythonOperator): notificar_equipos> on 2026-02-19 00:00:00+00:00
[2026-02-20 15:30:41,149] {standard_task_runner.py:52} INFO - Started process 939 to run task
[2026-02-20 15:30:41,152] {standard_task_runner.py:79} INFO - Running: ['***', 'tasks', 'run', 'platzi_explora_espacio', 'notificar_equipos', 'scheduled__2026-02-19T00:00:00+00:00', '--job-id', '6', '--raw', '--subdir', 'DAGS_FOLDER/proyecto_platzi.py', '--cfg-path', '/tmp/tmpvjjo3o4o', '--error-file', '/tmp/tmp2u8tuw8o']
[2026-02-20 15:30:41,152] {standard_task_runner.py:80} INFO - Job 6: Subtask notificar_equipos
[2026-02-20 15:30:41,208] {task_command.py:371} INFO - Running <TaskInstance: platzi_explora_espacio.notificar_equipos scheduled__2026-02-19T00:00:00+00:00 [running]> on host 632723b77418
[2026-02-20 15:30:41,261] {taskinstance.py:1591} INFO - Exporting the following env vars:
AIRFLOW_CTX_DAG_OWNER=***
AIRFLOW_CTX_DAG_ID=platzi_explora_espacio
AIRFLOW_CTX_TASK_ID=notificar_equipos
AIRFLOW_CTX_EXECUTION_DATE=2026-02-19T00:00:00+00:00
AIRFLOW_CTX_TRY_NUMBER=1
AIRFLOW_CTX_DAG_RUN_ID=scheduled__2026-02-19T00:00:00+00:00
[2026-02-20 15:30:41,262] {logging_mixin.py:115} INFO - Datos listos para el día 2026-02-19
[2026-02-20 15:30:41,262] {python.py:173} INFO - Done. Returned value was: None
[2026-02-20 15:30:41,273] {taskinstance.py:1420} INFO - Marking task as SUCCESS. dag_id=platzi_explora_espacio, task_id=notificar_equipos, execution_date=20260219T000000, start_date=20260220T153041, end_date=20260220T153041
[2026-02-20 15:30:41,327] {local_task_job.py:156} INFO - Task exited with return code 0
[2026-02-20 15:30:41,354] {local_task_job.py:273} INFO - 0 downstream tasks scheduled from follow-on schedule check
