[2026-02-20 15:30:38,289] {taskinstance.py:1179} INFO - Dependencies all met for <TaskInstance: platzi_explora_espacio.recolectar_platzi scheduled__2026-02-19T00:00:00+00:00 [queued]>
[2026-02-20 15:30:38,297] {taskinstance.py:1179} INFO - Dependencies all met for <TaskInstance: platzi_explora_espacio.recolectar_platzi scheduled__2026-02-19T00:00:00+00:00 [queued]>
[2026-02-20 15:30:38,298] {taskinstance.py:1376} INFO - 
--------------------------------------------------------------------------------
[2026-02-20 15:30:38,298] {taskinstance.py:1377} INFO - Starting attempt 1 of 1
[2026-02-20 15:30:38,298] {taskinstance.py:1378} INFO - 
--------------------------------------------------------------------------------
[2026-02-20 15:30:38,306] {taskinstance.py:1397} INFO - Executing <Task(PythonOperator): recolectar_platzi> on 2026-02-19 00:00:00+00:00
[2026-02-20 15:30:38,312] {standard_task_runner.py:52} INFO - Started process 932 to run task
[2026-02-20 15:30:38,315] {standard_task_runner.py:79} INFO - Running: ['***', 'tasks', 'run', 'platzi_explora_espacio', 'recolectar_platzi', 'scheduled__2026-02-19T00:00:00+00:00', '--job-id', '4', '--raw', '--subdir', 'DAGS_FOLDER/proyecto_platzi.py', '--cfg-path', '/tmp/tmpcieybz24', '--error-file', '/tmp/tmpiqpanolq']
[2026-02-20 15:30:38,316] {standard_task_runner.py:80} INFO - Job 4: Subtask recolectar_platzi
[2026-02-20 15:30:38,369] {task_command.py:371} INFO - Running <TaskInstance: platzi_explora_espacio.recolectar_platzi scheduled__2026-02-19T00:00:00+00:00 [running]> on host 632723b77418
[2026-02-20 15:30:38,424] {taskinstance.py:1591} INFO - Exporting the following env vars:
AIRFLOW_CTX_DAG_OWNER=***
AIRFLOW_CTX_DAG_ID=platzi_explora_espacio
AIRFLOW_CTX_TASK_ID=recolectar_platzi
AIRFLOW_CTX_EXECUTION_DATE=2026-02-19T00:00:00+00:00
AIRFLOW_CTX_TRY_NUMBER=1
AIRFLOW_CTX_DAG_RUN_ID=scheduled__2026-02-19T00:00:00+00:00
[2026-02-20 15:30:39,068] {python.py:173} INFO - Done. Returned value was: None
[2026-02-20 15:30:39,081] {taskinstance.py:1420} INFO - Marking task as SUCCESS. dag_id=platzi_explora_espacio, task_id=recolectar_platzi, execution_date=20260219T000000, start_date=20260220T153038, end_date=20260220T153039
[2026-02-20 15:30:39,113] {local_task_job.py:156} INFO - Task exited with return code 0
[2026-02-20 15:30:39,150] {local_task_job.py:273} INFO - 1 downstream tasks scheduled from follow-on schedule check
