[2026-02-20 15:30:17,118] {taskinstance.py:1179} INFO - Dependencies all met for <TaskInstance: platzi_explora_espacio.esperar_autorizacion scheduled__2026-02-19T00:00:00+00:00 [queued]>
[2026-02-20 15:30:17,127] {taskinstance.py:1179} INFO - Dependencies all met for <TaskInstance: platzi_explora_espacio.esperar_autorizacion scheduled__2026-02-19T00:00:00+00:00 [queued]>
[2026-02-20 15:30:17,127] {taskinstance.py:1376} INFO - 
--------------------------------------------------------------------------------
[2026-02-20 15:30:17,127] {taskinstance.py:1377} INFO - Starting attempt 1 of 1
[2026-02-20 15:30:17,127] {taskinstance.py:1378} INFO - 
--------------------------------------------------------------------------------
[2026-02-20 15:30:17,137] {taskinstance.py:1397} INFO - Executing <Task(BashOperator): esperar_autorizacion> on 2026-02-19 00:00:00+00:00
[2026-02-20 15:30:17,142] {standard_task_runner.py:52} INFO - Started process 910 to run task
[2026-02-20 15:30:17,144] {standard_task_runner.py:79} INFO - Running: ['***', 'tasks', 'run', 'platzi_explora_espacio', 'esperar_autorizacion', 'scheduled__2026-02-19T00:00:00+00:00', '--job-id', '3', '--raw', '--subdir', 'DAGS_FOLDER/proyecto_platzi.py', '--cfg-path', '/tmp/tmpgp30rpf6', '--error-file', '/tmp/tmpbz9u0a7z']
[2026-02-20 15:30:17,144] {standard_task_runner.py:80} INFO - Job 3: Subtask esperar_autorizacion
[2026-02-20 15:30:17,202] {task_command.py:371} INFO - Running <TaskInstance: platzi_explora_espacio.esperar_autorizacion scheduled__2026-02-19T00:00:00+00:00 [running]> on host 632723b77418
[2026-02-20 15:30:17,255] {taskinstance.py:1591} INFO - Exporting the following env vars:
AIRFLOW_CTX_DAG_OWNER=***
AIRFLOW_CTX_DAG_ID=platzi_explora_espacio
AIRFLOW_CTX_TASK_ID=esperar_autorizacion
AIRFLOW_CTX_EXECUTION_DATE=2026-02-19T00:00:00+00:00
AIRFLOW_CTX_TRY_NUMBER=1
AIRFLOW_CTX_DAG_RUN_ID=scheduled__2026-02-19T00:00:00+00:00
[2026-02-20 15:30:17,255] {subprocess.py:62} INFO - Tmp dir root location: 
 /tmp
[2026-02-20 15:30:17,256] {subprocess.py:74} INFO - Running command: ['bash', '-c', 'sleep 20 && echo "OK" > /tmp/response_20260219.txt']
[2026-02-20 15:30:17,267] {subprocess.py:85} INFO - Output:
[2026-02-20 15:30:37,274] {subprocess.py:96} INFO - Command exited with return code 0
[2026-02-20 15:30:37,302] {taskinstance.py:1420} INFO - Marking task as SUCCESS. dag_id=platzi_explora_espacio, task_id=esperar_autorizacion, execution_date=20260219T000000, start_date=20260220T153017, end_date=20260220T153037
[2026-02-20 15:30:37,337] {local_task_job.py:156} INFO - Task exited with return code 0
[2026-02-20 15:30:37,370] {local_task_job.py:273} INFO - 1 downstream tasks scheduled from follow-on schedule check
