[2026-02-20 15:30:39,413] {taskinstance.py:1179} INFO - Dependencies all met for <TaskInstance: platzi_explora_espacio.recolectar_spacex scheduled__2026-02-19T00:00:00+00:00 [queued]>
[2026-02-20 15:30:39,420] {taskinstance.py:1179} INFO - Dependencies all met for <TaskInstance: platzi_explora_espacio.recolectar_spacex scheduled__2026-02-19T00:00:00+00:00 [queued]>
[2026-02-20 15:30:39,420] {taskinstance.py:1376} INFO - 
--------------------------------------------------------------------------------
[2026-02-20 15:30:39,420] {taskinstance.py:1377} INFO - Starting attempt 1 of 1
[2026-02-20 15:30:39,420] {taskinstance.py:1378} INFO - 
--------------------------------------------------------------------------------
[2026-02-20 15:30:39,430] {taskinstance.py:1397} INFO - Executing <Task(BashOperator): recolectar_spacex> on 2026-02-19 00:00:00+00:00
[2026-02-20 15:30:39,435] {standard_task_runner.py:52} INFO - Started process 935 to run task
[2026-02-20 15:30:39,438] {standard_task_runner.py:79} INFO - Running: ['***', 'tasks', 'run', 'platzi_explora_espacio', 'recolectar_spacex', 'scheduled__2026-02-19T00:00:00+00:00', '--job-id', '5', '--raw', '--subdir', 'DAGS_FOLDER/proyecto_platzi.py', '--cfg-path', '/tmp/tmpq99vhqiz', '--error-file', '/tmp/tmprmntk98n']
[2026-02-20 15:30:39,439] {standard_task_runner.py:80} INFO - Job 5: Subtask recolectar_spacex
[2026-02-20 15:30:39,493] {task_command.py:371} INFO - Running <TaskInstance: platzi_explora_espacio.recolectar_spacex scheduled__2026-02-19T00:00:00+00:00 [running]> on host 632723b77418
[2026-02-20 15:30:39,549] {taskinstance.py:1591} INFO - Exporting the following env vars:
AIRFLOW_CTX_DAG_OWNER=***
AIRFLOW_CTX_DAG_ID=platzi_explora_espacio
AIRFLOW_CTX_TASK_ID=recolectar_spacex
AIRFLOW_CTX_EXECUTION_DATE=2026-02-19T00:00:00+00:00
AIRFLOW_CTX_TRY_NUMBER=1
AIRFLOW_CTX_DAG_RUN_ID=scheduled__2026-02-19T00:00:00+00:00
[2026-02-20 15:30:39,550] {subprocess.py:62} INFO - Tmp dir root location: 
 /tmp
[2026-02-20 15:30:39,550] {subprocess.py:74} INFO - Running command: ['bash', '-c', "curl -o /tmp/history.json -L 'https://api.spacexdata.com/v4/history'"]
[2026-02-20 15:30:39,562] {subprocess.py:85} INFO - Output:
[2026-02-20 15:30:39,572] {subprocess.py:92} INFO -   % Total    % Received % Xferd  Average Speed   Time    Time     Time  Current
[2026-02-20 15:30:39,572] {subprocess.py:92} INFO -                                  Dload  Upload   Total   Spent    Left  Speed
[2026-02-20 15:30:39,991] {subprocess.py:92} INFO -   0     0    0     0    0     0      0      0 --:--:-- --:--:-- --:--:--     0100  6756    0  6756    0     0  16124      0 --:--:-- --:--:-- --:--:-- 16124
[2026-02-20 15:30:39,994] {subprocess.py:96} INFO - Command exited with return code 0
[2026-02-20 15:30:40,021] {taskinstance.py:1420} INFO - Marking task as SUCCESS. dag_id=platzi_explora_espacio, task_id=recolectar_spacex, execution_date=20260219T000000, start_date=20260220T153039, end_date=20260220T153040
[2026-02-20 15:30:40,063] {local_task_job.py:156} INFO - Task exited with return code 0
[2026-02-20 15:30:40,093] {local_task_job.py:273} INFO - 1 downstream tasks scheduled from follow-on schedule check
